Log file open, 10/25/17 09:19:09
LogInit:Display: Running engine for game: CandyShooter
LogPlatformFile: Not using cached read wrapper
LogInit:Display: RandInit(-56763971) SRandInit(-56763971).
LogTaskGraph: Started task graph with 5 named threads and 8 total threads with 1 sets of task threads.
LogStats: Stats thread started at 0.088545
LogInit: Using libcurl 7.47.1
LogInit:  - built for x86_64-pc-win32
LogInit:  - supports SSL with OpenSSL/1.0.2g
LogInit:  - supports HTTP deflate (compression) using libz 1.2.8
LogInit:  - other features:
LogInit:      CURL_VERSION_SSL
LogInit:      CURL_VERSION_LIBZ
LogInit:      CURL_VERSION_IPV6
LogInit:      CURL_VERSION_ASYNCHDNS
LogInit:      CURL_VERSION_LARGEFILE
LogInit:      CURL_VERSION_IDN
LogInit:  CurlRequestOptions (configurable via config and command line):
LogInit:  - bVerifyPeer = false  - Libcurl will NOT verify peer certificate
LogInit:  - bUseHttpProxy = false  - Libcurl will NOT use HTTP proxy
LogInit:  - bDontReuseConnections = false  - Libcurl will reuse connections
LogInit:  - CertBundlePath = nullptr  - Libcurl will use whatever was configured at build time.
LogInit: Build: ++UE4+Release-4.16-CL-3561208
LogInit: Engine Version: 4.16.3-3561208+++UE4+Release-4.16
LogInit: Compatible Engine Version: 4.16.0-3452394+++UE4+Release-4.16
LogInit: Net CL: 3452394
LogDevObjectVersion: Number of dev versions registered: 16
LogDevObjectVersion:   Dev-Blueprints (B0D832E4-1F89-4F0D-ACCF-7EB736FD4AA2): 9
LogDevObjectVersion:   Dev-Build (E1C64328-A22C-4D53-A36C-8E866417BD8C): 0
LogDevObjectVersion:   Dev-Core (375EC13C-06E4-48FB-B500-84F0262A717E): 2
LogDevObjectVersion:   Dev-Editor (E4B068ED-F494-42E9-A231-DA0B2E46BB41): 17
LogDevObjectVersion:   Dev-Framework (CFFC743F-43B0-4480-9391-14DF171D2073): 23
LogDevObjectVersion:   Dev-Mobile (B02B49B5-BB20-44E9-A304-32B752E40360): 0
LogDevObjectVersion:   Dev-Networking (A4E4105C-59A1-49B5-A7C5-40C4547EDFEE): 0
LogDevObjectVersion:   Dev-Online (39C831C9-5AE6-47DC-9A44-9C173E1C8E7C): 0
LogDevObjectVersion:   Dev-Physics (78F01B33-EBEA-4F98-B9B4-84EACCB95AA2): 0
LogDevObjectVersion:   Dev-Platform (6631380F-2D4D-43E0-8009-CF276956A95A): 0
LogDevObjectVersion:   Dev-Rendering (12F88B9F-8875-4AFC-A67C-D90C383ABD29): 15
LogDevObjectVersion:   Dev-Sequencer (7B5AE74C-D270-4C10-A958-57980B212A5A): 4
LogDevObjectVersion:   Dev-VR (D7296918-1DD6-4BDD-9DE2-64A83CC13884): 0
LogDevObjectVersion:   Dev-LoadTimes (C2A15278-BFE7-4AFE-6C17-90FF531DF755): 1
LogDevObjectVersion:   Private-Geometry (6EACA3D4-40EC-4CC1-B786-8BED09428FC5): 1
LogDevObjectVersion:   Dev-AnimPhys (29E575DD-E0A3-4627-9D10-D276232CDCEA): 3
LogInit: Compiled (64-bit): Jul 28 2017 11:49:47
LogInit: Compiled with Visual C++: 19.00.24215.01
LogInit: Build Configuration: Development
LogInit: Branch Name: ++UE4+Release-4.16
LogInit: Command line: -EpicPortal 
LogInit: Base directory: C:/Program Files/Epic Games/UE_4.16/Engine/Binaries/Win64/
LogInit: Installed Engine Build: 1
LogInit: Presizing for max 8388607 objects, including 0 objects not considered by GC, pre-allocating 0 bytes for permanent pool.
LogInit: Object subsystem initialized
[2017.10.24-20.19.09:703][  0]LogInit: Selected Device Profile: [Windows]
[2017.10.24-20.19.09:703][  0]LogInit: Applying CVar settings loaded from the selected device profile: [Windows]
[2017.10.24-20.19.09:712][  0]LogInit: Computer: 1805C014
[2017.10.24-20.19.09:712][  0]LogInit: User: Franciskir7286
[2017.10.24-20.19.09:712][  0]LogInit: CPU Page size=4096, Cores=4
[2017.10.24-20.19.09:712][  0]LogInit: High frequency timer resolution =3.312841 MHz
[2017.10.24-20.19.09:712][  0]LogMemory: Memory total: Physical=8.0GB (8GB approx)
[2017.10.24-20.19.09:712][  0]LogMemory: Platform Memory Stats for Windows
[2017.10.24-20.19.09:712][  0]LogMemory: Process Physical Memory: 274.28 MB used, 274.28 MB peak
[2017.10.24-20.19.09:712][  0]LogMemory: Process Virtual Memory: 265.96 MB used, 265.96 MB peak
[2017.10.24-20.19.09:712][  0]LogMemory: Physical Memory: 6046.75 MB used,  2103.41 MB free, 8150.16 MB total
[2017.10.24-20.19.09:712][  0]LogMemory: Virtual Memory: 623.62 MB used,  2103.41 MB free, 8388608.00 MB total
[2017.10.24-20.19.09:839][  0]LogInit: Using OS detected language (en-NZ).
[2017.10.24-20.19.09:839][  0]LogInit: Using OS detected locale (en-NZ).
[2017.10.24-20.19.09:845][  0]LogTextLocalizationManager: No specific localization for 'en-NZ' exists, so the 'en' localization will be used.
[2017.10.24-20.19.10:918][  0]LogD3D11RHI: D3D11 adapters:
[2017.10.24-20.19.10:936][  0]LogD3D11RHI:    0. 'NVIDIA GeForce GTX 670' (Feature Level 11_0)
[2017.10.24-20.19.10:936][  0]LogD3D11RHI:       1989/0/2048 MB DedicatedVideo/DedicatedSystem/SharedSystem, Outputs:2, VendorId:0x10de
[2017.10.24-20.19.10:936][  0]LogD3D11RHI: Chosen D3D11 Adapter: 0
[2017.10.24-20.19.10:940][  0]LogD3D11RHI: Creating new Direct3DDevice
[2017.10.24-20.19.10:940][  0]LogD3D11RHI:     GPU DeviceId: 0x1189 (for the marketing name, search the web for "GPU Device Id")
[2017.10.24-20.19.10:940][  0]LogWindows: EnumDisplayDevices:
[2017.10.24-20.19.10:940][  0]LogWindows:    0. 'NVIDIA GeForce GTX 670' (P:1 D:1)
[2017.10.24-20.19.10:940][  0]LogWindows:    1. 'NVIDIA GeForce GTX 670' (P:0 D:1)
[2017.10.24-20.19.10:940][  0]LogWindows:    2. 'NVIDIA GeForce GTX 670' (P:0 D:0)
[2017.10.24-20.19.10:940][  0]LogWindows:    3. 'NVIDIA GeForce GTX 670' (P:0 D:0)
[2017.10.24-20.19.10:940][  0]LogWindows:    4. 'RDPDD Chained DD' (P:0 D:0)
[2017.10.24-20.19.10:940][  0]LogWindows:    5. 'RDP Encoder Mirror Driver' (P:0 D:0)
[2017.10.24-20.19.10:940][  0]LogWindows:    6. 'RDP Reflector Display Driver' (P:0 D:0)
[2017.10.24-20.19.10:941][  0]LogWindows:    7. 'Mirage Driver' (P:0 D:0)
[2017.10.24-20.19.10:941][  0]LogWindows: DebugString: GetVideoDriverDetailsInvalid PrimaryIsNotTheChoosenAdapter GetVideoDriverDetailsInvalid PrimaryIsNotTheChoosenAdapter GetVideoDriverDetailsInvalid PrimaryIsNotTheChoosenAdapter GetVideoDriverDetailsInvalid PrimaryIsNotTheChoosenAdapter FoundDriverCount:4 
[2017.10.24-20.19.10:941][  0]LogD3D11RHI:     Adapter Name: NVIDIA GeForce GTX 670
[2017.10.24-20.19.10:941][  0]LogD3D11RHI:   Driver Version: 364.72 (internal:10.18.13.6472, unified:364.72)
[2017.10.24-20.19.10:941][  0]LogD3D11RHI:      Driver Date: 3-21-2016
[2017.10.24-20.19.10:941][  0]LogRHI: Texture pool is 1361 MB (70% of 1945 MB)
[2017.10.24-20.19.10:948][  0]LogD3D11RHI: NvAPI_D3D_GetCurrentSLIState failed: 0xfffffff7
[2017.10.24-20.19.10:948][  0]LogD3D11RHI: Async texture creation enabled
[2017.10.24-20.19.10:962][  0]LogD3D11RHI: GPU Timing Frequency: 1000.000000 (Debug: 2 2)
[2017.10.24-20.19.11:057][  0]LogShaderCompilers: Guid format shader working directory is -5 characters bigger than the processId version (D:/Users/Francis.Kir7286/Documents/CandyShooter/CandyShooter/Intermediate/Shaders/WorkingDirectory/39460/).
[2017.10.24-20.19.11:057][  0]LogShaderCompilers: Cleaned the shader compiler working directory 'D:/Users/Francis.Kir7286/AppData/Local/Temp/UnrealShaderWorkingDir/17179F814DEBD104EB9C5BB64F8239D1/'.
[2017.10.24-20.19.11:057][  0]LogShaderCompilers:Display: Using Local Shader Compiler.
[2017.10.24-20.19.12:311][  0]LogTemp:Display: Loaded TP AllDesktopTargetPlatform
[2017.10.24-20.19.12:426][  0]LogTemp:Display: Loaded TP MacClientTargetPlatform
[2017.10.24-20.19.12:537][  0]LogTemp:Display: Loaded TP MacNoEditorTargetPlatform
[2017.10.24-20.19.12:629][  0]LogTemp:Display: Loaded TP MacServerTargetPlatform
[2017.10.24-20.19.12:717][  0]LogTemp:Display: Loaded TP MacTargetPlatform
[2017.10.24-20.19.12:805][  0]LogTemp:Display: Loaded TP WindowsClientTargetPlatform
[2017.10.24-20.19.12:892][  0]LogTemp:Display: Loaded TP WindowsNoEditorTargetPlatform
[2017.10.24-20.19.12:979][  0]LogTemp:Display: Loaded TP WindowsServerTargetPlatform
[2017.10.24-20.19.13:060][  0]LogTemp:Display: Loaded TP WindowsTargetPlatform
[2017.10.24-20.19.13:146][  0]LogTemp:Display: Loaded TP AndroidTargetPlatform
[2017.10.24-20.19.13:231][  0]LogTemp:Display: Loaded TP Android_ASTCTargetPlatform
[2017.10.24-20.19.13:317][  0]LogTemp:Display: Loaded TP Android_ATCTargetPlatform
[2017.10.24-20.19.13:402][  0]LogTemp:Display: Loaded TP Android_DXTTargetPlatform
[2017.10.24-20.19.13:488][  0]LogTemp:Display: Loaded TP Android_ETC1TargetPlatform
[2017.10.24-20.19.13:573][  0]LogTemp:Display: Loaded TP Android_ETC2TargetPlatform
[2017.10.24-20.19.13:746][  0]LogTemp:Display: Loaded TP Android_MultiTargetPlatform
[2017.10.24-20.19.13:746][  0]LogTemp:Display: Loaded TP Android_PVRTCTargetPlatform
[2017.10.24-20.19.13:822][  0]LogTemp:Display: Loaded TP HTML5TargetPlatform
[2017.10.24-20.19.13:969][  0]LogTemp:Display: Loaded TP IOSTargetPlatform
[2017.10.24-20.19.14:017][  0]LogTemp:Display: Loaded TP TVOSTargetPlatform
[2017.10.24-20.19.14:103][  0]LogTemp:Display: Loaded TP LinuxClientTargetPlatform
[2017.10.24-20.19.14:189][  0]LogTemp:Display: Loaded TP LinuxNoEditorTargetPlatform
[2017.10.24-20.19.14:274][  0]LogTemp:Display: Loaded TP LinuxServerTargetPlatform
[2017.10.24-20.19.14:360][  0]LogTemp:Display: Loaded TP LinuxTargetPlatform
[2017.10.24-20.19.14:360][  0]LogTargetPlatformManager:Display: Building Assets For Windows
[2017.10.24-20.19.15:214][  0]LogDerivedDataCache:Display: Max Cache Size: 512 MB
[2017.10.24-20.19.15:293][  0]LogDerivedDataCache: Loaded boot cache 0.08s 90MB D:/Users/Francis.Kir7286/AppData/Local/UnrealEngine/4.16/DerivedDataCache/Boot.ddc.
[2017.10.24-20.19.15:293][  0]LogDerivedDataCache:Display: Loaded Boot cache: D:/Users/Francis.Kir7286/AppData/Local/UnrealEngine/4.16/DerivedDataCache/Boot.ddc
[2017.10.24-20.19.15:293][  0]LogDerivedDataCache: FDerivedDataBackendGraph:  Pak pak cache file D:/Users/Francis.Kir7286/Documents/CandyShooter/CandyShooter/DerivedDataCache/DDC.ddp not found, will not use a pak cache.
[2017.10.24-20.19.15:293][  0]LogDerivedDataCache: Unable to find inner node Pak for hierarchical cache Hierarchy.
[2017.10.24-20.19.15:293][  0]LogDerivedDataCache: FDerivedDataBackendGraph:  CompressedPak pak cache file D:/Users/Francis.Kir7286/Documents/CandyShooter/CandyShooter/DerivedDataCache/Compressed.ddp not found, will not use a pak cache.
[2017.10.24-20.19.15:293][  0]LogDerivedDataCache: Unable to find inner node CompressedPak for hierarchical cache Hierarchy.
[2017.10.24-20.19.15:310][  0]LogDerivedDataCache:Display: Pak cache opened for reading ../../../Engine/DerivedDataCache/Compressed.ddp.
[2017.10.24-20.19.15:322][  0]LogDerivedDataCache: Using Local data cache path D:/Users/Francis.Kir7286/AppData/Local/UnrealEngine/Common/DerivedDataCache: Writable
[2017.10.24-20.19.15:331][  0]LogMaterial: Verifying Global Shaders for PCD3D_SM5
[2017.10.24-20.19.15:332][  0]LogSlate: Using Freetype 2.6.0
[2017.10.24-20.19.15:333][  0]LogSlate: SlateFontCache - WITH_FREETYPE: 1, WITH_HARFBUZZ: 1
[2017.10.24-20.19.15:333][  0]LogSlate: SlateFontCache - WITH_FREETYPE: 1, WITH_HARFBUZZ: 1
[2017.10.24-20.19.15:782][  0]LogInit: Selected Device Profile: [Windows]
[2017.10.24-20.19.15:786][  0]LogContentStreaming: Texture pool size is 0.00 MB
[2017.10.24-20.19.16:109][  0]LogMeshUtilities: Using QuadricMeshReduction for automatic static mesh reduction
[2017.10.24-20.19.16:191][  0]LogSimplygon: Simplygon DLL not present - disabling.
[2017.10.24-20.19.16:272][  0]LogMeshUtilities: Using SimplygonSwarm for distributed automatic mesh merging
[2017.10.24-20.19.16:272][  0]LogMeshUtilities: No automatic skeletal mesh reduction module available
[2017.10.24-20.19.16:272][  0]LogMeshUtilities: No automatic mesh merging module available
[2017.10.24-20.19.16:914][  0]LogNetVersion: CandyShooter , NetCL: 3452394, EngineNetVer: 2, GameNetVer: 0 (Checksum: 3884592478)
[2017.10.24-20.19.16:993][  0]LogAssetRegistry: FAssetRegistry took 0.0241 seconds to start up
[2017.10.24-20.19.17:174][  0]LogPackageLocalizationCache: Processed 4 localized package path(s) for 2 prioritized culture(s) in 0.142618 seconds
[2017.10.24-20.19.17:179][  0]LogUObjectArray: 34194 objects as part of root set at end of initial load.
[2017.10.24-20.19.17:179][  0]LogUObjectAllocator: 7260416 out of 0 bytes used by permanent object pool.
[2017.10.24-20.19.17:179][  0]LogUObjectArray: CloseDisregardForGC: 0/0 objects in disregard for GC pool
[2017.10.24-20.19.17:297][  0]LogInit: WinSock: version 1.1 (2.2), MaxSocks=32767, MaxUdp=65467
[2017.10.24-20.19.21:498][  0]LogTcpMessaging: Initializing TcpMessaging bridge
[2017.10.24-20.19.21:560][  0]LogUdpMessaging: Initializing bridge on interface 0.0.0.0:0 to multicast group 230.0.0.1:6666.
[2017.10.24-20.19.22:402][  0]LogMaterial: Uniform references updated for custom material expression Custom.
[2017.10.24-20.19.23:050][  0]SourceControl: Info Source control is disabled
[2017.10.24-20.19.23:081][  0]SourceControl: Info Source control is disabled
[2017.10.24-20.19.23:163][  0]SourceControl: Info Source control is disabled
[2017.10.24-20.19.23:246][  0]SourceControl: Info Source control is disabled
[2017.10.24-20.19.23:672][  0]LogLinker:Warning: Can't find file '/Game/ThirdPersonBP/ThirdPersonOverview'
[2017.10.24-20.19.23:672][  0]LogLinker:Warning: Can't find file '/Game/ThirdPersonBP/ThirdPersonOverview'
[2017.10.24-20.19.23:672][  0]LogUObjectGlobals:Warning: Failed to find object 'Class /Game/ThirdPersonBP/ThirdPersonOverview.ThirdPersonOverview_C'
[2017.10.24-20.19.24:410][  0]LogAndroidPermission: UAndroidPermissionCallbackProxy::GetInstance
[2017.10.24-20.19.25:529][  0]LogEngine: Initializing Engine...
[2017.10.24-20.19.25:529][  0]LogHMD: Failed to initialize OpenVR with code 110
[2017.10.24-20.19.25:735][  0]LogStats: UGameplayTagsManager::ConstructGameplayTagTree: Construct from data asset -  0.000 s
[2017.10.24-20.19.25:735][  0]LogStats: UGameplayTagsManager::ConstructGameplayTagTree: GameplayTagTreeChangedEvent.Broadcast -  0.000 s
[2017.10.24-20.19.25:973][  0]LogAIModule: Creating AISystem for world Untitled
[2017.10.24-20.19.25:980][  0]LogInit: No audio devices found!
[2017.10.24-20.19.26:019][  0]LogDerivedDataCache: Saved boot cache 0.04s 90MB D:/Users/Francis.Kir7286/AppData/Local/UnrealEngine/4.16/DerivedDataCache/Boot.ddc.
[2017.10.24-20.19.26:028][  0]LogInit: Texture streaming: Enabled
[2017.10.24-20.19.26:194][  0]LogEngineSessionManager: EngineSessionManager initialized
[2017.10.24-20.19.26:584][  0]LogInit: Transaction tracking system initialized
[2017.10.24-20.19.27:159][  0]BlueprintLog: New page: Editor Load
[2017.10.24-20.19.28:914][  0]LocalizationService: Info Localization service is disabled
[2017.10.24-20.19.30:146][  0]LogConsoleResponse:Display: 
[2017.10.24-20.19.30:324][  0]LogCook:Display: Max memory allowance for cook 16384mb min free memory 0mb
[2017.10.24-20.19.30:324][  0]LogCook:Display: Mobile HDR setting 1
[2017.10.24-20.19.31:186][  0]LogFileCache: Scanning file cache for directory 'D:/Users/Francis.Kir7286/Documents/CandyShooter/CandyShooter/Content/' took 0.01s
[2017.10.24-20.19.32:105][  0]SourceControl: Info Source control is disabled
[2017.10.24-20.19.32:105][  0]Cmd: MAP LOAD FILE="D:/Users/Francis.Kir7286/Documents/CandyShooter/CandyShooter/Content/FirstPersonBP/Maps/FirstPersonExampleMap.umap" TEMPLATE=0 SHOWPROGRESS=1 FEATURELEVEL=3
[2017.10.24-20.19.32:105][  0]LightingResults: New page: Lighting Build
[2017.10.24-20.19.32:182][  0]MapCheck: New page: Map Check
[2017.10.24-20.19.32:182][  0]LightingResults: New page: Lighting Build
[2017.10.24-20.19.32:972][  0]LogTexture:Display: Building textures: HQ_Lightmap0_1 (AutoDXT, 2048X2048)
[2017.10.24-20.19.33:497][  0]LogTexture:Display: Building textures: HQ_Lightmap0_2 (AutoDXT, 2048X2048)
[2017.10.24-20.19.33:880][  0]LogTexture:Display: Building textures: HQ_Lightmap0_3 (AutoDXT, 2048X2048)
[2017.10.24-20.19.34:559][  0]LogTexture:Display: Building textures: HQ_Lightmap0_4 (AutoDXT, 2048X2048)
[2017.10.24-20.19.34:795][  0]LogTexture:Display: Building textures: HQ_Lightmap0_5 (AutoDXT, 64X64)
[2017.10.24-20.19.34:826][  0]LogTexture:Display: Building textures: LQ_Lightmap_0_1 (DXT1, 2048X2048)
[2017.10.24-20.19.34:998][  0]LogTexture:Display: Building textures: LQ_Lightmap_0_2 (DXT1, 2048X2048)
[2017.10.24-20.19.35:176][  0]LogTexture:Display: Building textures: LQ_Lightmap_0_3 (DXT1, 2048X2048)
[2017.10.24-20.19.35:412][  0]LogTexture:Display: Building textures: LQ_Lightmap_0_4 (DXT1, 2048X2048)
[2017.10.24-20.19.35:549][  0]LogTexture:Display: Building textures: LQ_Lightmap_0_5 (DXT1, 64X64)
[2017.10.24-20.19.35:571][  0]LogTexture:Display: Building textures: SkyOcclusion0_1 (AutoDXT, 2048X1024)
[2017.10.24-20.19.35:748][  0]LogTexture:Display: Building textures: SkyOcclusion0_2 (AutoDXT, 2048X1024)
[2017.10.24-20.19.35:911][  0]LogTexture:Display: Building textures: SkyOcclusion0_3 (AutoDXT, 2048X1024)
[2017.10.24-20.19.36:158][  0]LogTexture:Display: Building textures: SkyOcclusion0_4 (AutoDXT, 2048X1024)
[2017.10.24-20.19.36:279][  0]LogTexture:Display: Building textures: SkyOcclusion0_5 (AutoDXT, 64X32)
[2017.10.24-20.19.36:287][  0]LogTexture:Display: Building textures: ShadowMapTexture2D_0 (G8, 2048X1024)
[2017.10.24-20.19.36:344][  0]LogTexture:Display: Building textures: ShadowMapTexture2D_1 (G8, 2048X1024)
[2017.10.24-20.19.36:401][  0]LogTexture:Display: Building textures: ShadowMapTexture2D_2 (G8, 2048X1024)
[2017.10.24-20.19.36:456][  0]LogTexture:Display: Building textures: ShadowMapTexture2D_3 (G8, 2048X1024)
[2017.10.24-20.19.36:513][  0]LogTexture:Display: Building textures: ShadowMapTexture2D_4 (G8, 2048X1024)
[2017.10.24-20.19.36:571][  0]LogTexture:Display: Building textures: ShadowMapTexture2D_5 (G8, 2048X1024)
[2017.10.24-20.19.36:627][  0]LogTexture:Display: Building textures: ShadowMapTexture2D_6 (G8, 2048X1024)
[2017.10.24-20.19.36:678][  0]LogTexture:Display: Building textures: ShadowMapTexture2D_7 (G8, 64X32)
[2017.10.24-20.19.36:724][  0]LogAIModule: Creating AISystem for world FirstPersonExampleMap
[2017.10.24-20.19.36:938][  0]LogEditorServer: Finished looking for orphan Actors (0.000 secs)
[2017.10.24-20.19.36:951][  0]Cmd: MAP CHECKDEP NOCLEARLOG
[2017.10.24-20.19.37:068][  0]MapCheck: Info Map check complete: 0 Error(s), 0 Warning(s), took 117.199ms to complete.
[2017.10.24-20.19.37:068][  0]LogFileHelpers: Loading map 'FirstPersonExampleMap' took 4.964
[2017.10.24-20.19.37:249][  0]LogCollectionManager: Loaded 0 collections in 0.001061 seconds
[2017.10.24-20.19.37:380][  0]LogFileCache: Scanning file cache for directory 'D:/Users/Francis.Kir7286/Documents/CandyShooter/CandyShooter/Saved/Collections/' took 0.01s
[2017.10.24-20.19.37:380][  0]LogFileCache: Scanning file cache for directory 'D:/Users/Francis.Kir7286/Documents/CandyShooter/CandyShooter/Content/Developers/Franciskir7286/Collections/' took 0.01s
[2017.10.24-20.19.37:380][  0]LogFileCache: Scanning file cache for directory 'D:/Users/Francis.Kir7286/Documents/CandyShooter/CandyShooter/Content/Collections/' took 0.01s
[2017.10.24-20.19.37:380][  0]LogCollectionManager: Rebuilt the GUID cache for 0 collections in 0.000002 seconds
[2017.10.24-20.19.37:389][  0]LogContentBrowser: Native class hierarchy populated in 0.0089 seconds. Added 2329 classes and 491 folders.
[2017.10.24-20.19.37:508][  0]LogContentBrowser: Native class hierarchy updated for 'WidgetCarousel' in 0.0005 seconds. Added 0 classes and 0 folders.
[2017.10.24-20.19.37:552][  0]LogContentBrowser: Native class hierarchy updated for 'AddContentDialog' in 0.0005 seconds. Added 0 classes and 0 folders.
[2017.10.24-20.19.37:632][  0]LogContentBrowser: Native class hierarchy updated for 'SceneOutliner' in 0.0005 seconds. Added 1 classes and 2 folders.
[2017.10.24-20.19.37:676][  0]LogCrashTracker: Crashtracker disabled due to settings.
[2017.10.24-20.19.37:679][  0]LogSlate: Took 0.000463 seconds to synchronously load lazily loaded font '../../../Engine/Content/Slate/Fonts/Roboto-Regular.ttf' (155K)
[2017.10.24-20.19.37:682][  0]LogSlate: Took 0.000416 seconds to synchronously load lazily loaded font '../../../Engine/Content/Slate/Fonts/Roboto-Bold.ttf' (160K)
[2017.10.24-20.19.37:685][  0]LogSlate: Took 0.000451 seconds to synchronously load lazily loaded font '../../../Engine/Content/Editor/Slate/Fonts/FontAwesome.ttf' (139K)
[2017.10.24-20.19.37:755][  0]LogUObjectGlobals:Warning: Failed to find object 'Class None.'
[2017.10.24-20.19.37:855][  0]LogContentBrowser: Native class hierarchy updated for 'HierarchicalLODOutliner' in 0.0006 seconds. Added 1 classes and 2 folders.
[2017.10.24-20.19.37:855][  0]LogLoad: (Engine Initialization) Total time: 30.12 seconds
[2017.10.24-20.19.37:855][  0]LogLoad: (Engine Initialization) Total Blueprint compile time: 0.20 seconds
[2017.10.24-20.19.37:855][  0]LogExternalProfiler: Found external profiler: VSPerf
[2017.10.24-20.19.37:856][  0]LogExternalProfiler: Using external profiler: VSPerf
[2017.10.24-20.19.37:864][  0]LogOcInput: OculusInput pre-init called
[2017.10.24-20.19.37:864][  0]LogHMD: Starting GearVRController plugin
[2017.10.24-20.19.37:890][  0]LogAssetRegistry: Asset discovery search completed in 20.9159 seconds
[2017.10.24-20.19.37:891][  0]LogCollectionManager: Rebuilt the object cache for 0 collections in 0.000001 seconds (found 0 objects)
[2017.10.24-20.19.37:891][  0]LogCollectionManager: Fixed up redirectors for 0 collections in 0.000023 seconds (updated 0 objects)
[2017.10.24-20.19.37:892][  0]LogContentStreaming: Texture pool size now 1000 MB
[2017.10.24-20.19.37:909][  0]LogSlate: Took 0.000609 seconds to synchronously load lazily loaded font '../../../Engine/Content/Slate/Fonts/Roboto-Light.ttf' (159K)
[2017.10.24-20.19.38:119][  3]LogRenderer: Reallocating scene render targets to support 128x128 NumSamples 1 (Frame:0).
